Arguments: 
  C:\Program Files\nodejs\node.exe C:\Users\AcerPc\AppData\Roaming\npm\node_modules\yarn\bin\yarn.js add react-grid-carousel --save

PATH: 
  C:\Users\AcerPc\bin;C:\Program Files\Git\mingw64\bin;C:\Program Files\Git\usr\local\bin;C:\Program Files\Git\usr\bin;C:\Program Files\Git\usr\bin;C:\Program Files\Git\mingw64\bin;C:\Program Files\Git\usr\bin;C:\Users\AcerPc\bin;C:\Python311\Scripts;C:\Python311;C:\Windows\system32;C:\Windows;C:\Windows\System32\Wbem;C:\Windows\System32\WindowsPowerShell\v1.0;C:\Windows\System32\OpenSSH;C:\Program Files (x86)\Common Files\Acronis\SnapAPI;C:\Program Files (x86)\Common Files\Acronis\VirtualFile;C:\Program Files (x86)\Common Files\Acronis\VirtualFile64;C:\Program Files (x86)\dotnet;C:\Program Files\Git\cmd;C:\Users\AcerPc\AppData\Roaming\nvm;C:\Program Files\nodejs;C:\Program Files\nodejs;C:\ProgramData\chocolatey\bin;C:\Program Files\GitHub CLI;C:\xampp\php;C:\ProgramData\ComposerSetup\bin;C:\Users\AcerPc\AppData\Local\Microsoft\WindowsApps;C:\Users\AcerPc\AppData\Local\Programs\Microsoft VS Code\bin;C:\Users\AcerPc\AppData\Roaming\nvm;C:\Program Files\nodejs;C:\Users\AcerPc\AppData\Roaming\npm;C:\Users\AcerPc\AppData\Local\GitHubDesktop\bin;C:\Users\AcerPc\AppData\Roaming\Composer\vendor\bin;C:\Program Files\Git\usr\bin\vendor_perl;C:\Program Files\Git\usr\bin\core_perl

Yarn version: 
  1.22.19

Node version: 
  16.16.0

Platform: 
  win32 x64

Trace: 
  Error: EPERM: operation not permitted, unlink 'C:\Users\AcerPc\Desktop\projects\NEW_SCMP\client\node_modules\node-sass\vendor\win32-x64-93\binding.node'

npm manifest: 
  {
    "name": "client",
    "version": "0.1.0",
    "private": true,
    "dependencies": {
      "@emailjs/browser": "^3.10.0",
      "@fortawesome/fontawesome-free": "^6.3.0",
      "@fortawesome/react-fontawesome": "^0.2.0",
      "@testing-library/jest-dom": "^5.16.5",
      "@testing-library/react": "^13.4.0",
      "@testing-library/user-event": "^13.5.0",
      "aos": "^3.0.0-beta.6",
      "axios": "^1.3.3",
      "node-sass": "^8.0.0",
      "react": "^18.2.0",
      "react-dom": "^18.2.0",
      "react-helmet": "^6.1.0",
      "react-icons": "^4.8.0",
      "react-lorem-ipsum": "^1.4.10",
      "react-redux": "^8.0.5",
      "react-router-dom": "^6.9.0",
      "react-scripts": "5.0.1",
      "react-slick": "^0.29.0",
      "redux": "^4.2.1",
      "redux-devtools-extension": "^2.13.9",
      "slick-carousel": "^1.8.1",
      "web-vitals": "^2.1.4"
    },
    "scripts": {
      "start": "react-scripts start",
      "build": "react-scripts build",
      "test": "react-scripts test",
      "eject": "react-scripts eject"
    },
    "eslintConfig": {
      "extends": [
        "react-app",
        "react-app/jest"
      ]
    },
    "browserslist": {
      "production": [
        ">0.2%",
        "not dead",
        "not op_mini all"
      ],
      "development": [
        "last 1 chrome version",
        "last 1 firefox version",
        "last 1 safari version"
      ]
    }
  }

yarn manifest: 
  No manifest

Lockfile: 
  No lockfile
